[25512][1703153835321][main][info]["Booting Postman 10.20.0, linux-6.6.4-arch1-1 on x64"]
[25512][1703153835323][main][info]["EventBus~initialize - Success"]
[25512][1703153835324][main][info]["Proxy configuration has not been setup"]
[25512][1703153835325][main][info]["CloudProxyManager~init - Success"]
[25512][1703153835328][main][info]["performShellDataMigration: Starting shell data migration"]
[25512][1703153835328][main][info]["migrateShellData:Starting"]
[25512][1703153835339][main][info]["migrateShellData: Old storage cleaned up"]
[25512][1703153835444][main][info]["migrateShellData: Got data from shell. Writing to storage"]
[25512][1703153835446][main][info]["performShellDataMigration: Migration successful on try count 1"]
[25512][1703153835451][main][info]["UpdateHandler~init - Success"]
[25512][1703153835453][main][info]["LeaderSelection: Initialized successfully"]
[25512][1703153835454][main][info]["VersionDependencyService: Initialized successfully"]
[25512][1703153835459][main][info]["Generated root certificate for linux"]
[25512][1703153835461][main][info]["LinuxAutoUpdater~Cleanup - Initial cleanup successful"]
[25512][1703153835471][main][info]["GPU detected VID 4318 DID 9475 ACTIVE true"]
[25512][1703153835483][main][info]["shellController~init: Success"]
[25512][1703153835489][main][info]["shellMeta~init: Success"]
[25512][1703153835489][main][info]["partitionMigrationService: State of V7 partition:"]
[25512][1703153835489][main][info]["partitionMigrationService: V7 partitions",[]]
[25512][1703153835489][main][info]["partitionMigrationService~rectifyNamespaceOfScratchPadPartition: There is no partition with scratchpad namespace"]
[25512][1703153835489][main][info]["partitionMigrationService~rectifyNamespaceOfScratchPadPartition: There is no transit partition which could have been used for scratchpad"]
[25512][1703153835489][main][info]["partitionMigrationService~init: Success"]
[25512][1703153835496][main][info]["partitionMigrationService~runV8PartitionsIntegrity: Two way migration~ removing the following partitions from v8",[]]
[25512][1703153835498][main][info]["userPartitionService~_rectifyTheActivePartitionOfApplication: Setting the active partition to ",null]
[25512][1703153835509][main][info]["userPartitionService~init: Success"]
[25512][1703153835529][main][info]["userPartitionService: State of v8 partition system:"]
[25512][1703153835532][main][info]["shell~init~getPartitionToLoad: loading scratchpad partition"]
[25512][1703153835533][main][info]["userPartitionService: List of partitions:",[]]
[25512][1703153835533][main][info]["userPartitionService: users global meta:",{}]
[25512][1703153835539][main][info]["proxyCertificateService~ensureRootCAPresence: Deleting and creating new certificates"]
[25512][1703153836970][main][info]["RuntimeIPCAgent~started: Success"]
[25512][1703153837216][main][info]["Main~scratchpadThemeAction:: action: set, value: light"]
[25512][1703153837218][main][info]["Main~scratchpadThemeAction:: action: set, value: light"]
[25512][1703153837219][main][info]["Main~scratchpadThemeAction:: action: set, value: light"]
[25512][1703153837231][main][info]["UpdateHandler~app-update-events - Received event",{"name":"checkForElectronVersionUpdated","namespace":"appUpdate"}]
[25512][1703153837237][main][info]["windowManager: First requester booted successfully."]
[25512][1703153837237][main][info]["windowManager~restoreWindows: Restoring requester windows"]
[25512][1703153837237][main][info]["Main~AppEvents - Received booted event for process requester.Version undefined UI Version: undefined Desktop Platform Version: 10.20.0"]
[25512][1703153842273][main][info]["VersionDependencyService: Resetting UI version as user logged out/switched account"]
[25512][1703153842273][main][info]["Main - model-events~user - (users, add) received"]
[25512][1703153842524][main][warn]["AuthHandler~open: Current app is not default protocol client - Falling back to polling mechanism."]
[25512][1703153859800][main][info]["Shell~init~loginUser: associating the user ","31708957"," with transit partition"]
[25512][1703153859801][main][info]["userPartitionService~getNewPartitionId: creating a partition with userId and teamId as 0"]
[25512][1703153859820][main][info]["userPartitionService~associateTransitPartition: ",{"partitionId":"9ae5cd87-a96d-4eae-9e1b-a9aafbf55248","context":{"namespace":"users","userId":"31708957","teamId":"0"}}]
[25512][1703153859832][main][info]["userPartitionService: State of v8 partition system:"]
[25512][1703153859836][main][info]["userPartitionService: List of partitions:",[{"partitionId":"9ae5cd87-a96d-4eae-9e1b-a9aafbf55248","namespace":"users","userId":"31708957","teamId":"0","lastUpdated":"2023-12-21T10:17:39.820Z"},{"partitionId":"68fc11b9-36d1-44d6-a0ee-c19fcbe05a51","namespace":"scratchPad","userId":0,"teamId":0,"isDirty":false}]]
[25512][1703153859837][main][info]["userPartitionService: users global meta:",{}]
[25512][1703153862502][main][info]["Main~getRemoteInitPath:: "]
[25512][1703153862682][main][info]["Main - model-events~user - (user, update) received"]
[25512][1703153862682][main][info]["Main~reload: https://desktop.postman.com/?desktopVersion=10.20.0&userId=31708957&teamId=0"]
[25512][1703153864235][main][info]["Main~getRemoteInitPath:: "]
[25512][1703153864448][main][info]["Main - model-events~user - (user, update) received"]
[25512][1703153864680][main][info]["UpdateHandler~app-update-events - Received event",{"name":"checkForElectronVersionUpdated","namespace":"appUpdate"}]
[25512][1703153864693][main][info]["windowManager: First requester booted successfully."]
[25512][1703153864693][main][info]["windowManager~restoreWindows: Restoring requester windows"]
[25512][1703153864693][main][info]["Main~AppEvents - Received booted event for process requester.Version 10.20.10 UI Version: 10.20.10-ui-231204-0510 Desktop Platform Version: 10.20.0"]
[25512][1703153864774][main][info]["Main~getRemoteInitPath:: "]
[25512][1703153865287][main][info]["Main~getPlatformLaunchPerfMetrics"]
[25512][1703153865330][main][info]["Main - model-events~user - (user, bootstrapUser) received"]
[25512][1703153865330][main][info]["model-events~user - bootstrapUser received"]
[25512][1703153865330][main][info]["Main - model-events~user - (user, bootstrapUser) received"]
[25512][1703153865331][main][info]["model-events~user - bootstrapUser received"]
[25512][1703153865353][main][info]["userPartitionService~associateTransitPartition: ",{"partitionId":"9ae5cd87-a96d-4eae-9e1b-a9aafbf55248","context":{"namespace":"users","userId":"31708957","teamId":"0"}}]
[25512][1703153865354][main][info]["userPartitionService~associateTransitPartition: ",{"partitionId":"9ae5cd87-a96d-4eae-9e1b-a9aafbf55248","context":{"namespace":"users","userId":"31708957","teamId":"0"}}]
[25512][1703153865376][main][info]["userPartitionService: State of v8 partition system:"]
[25512][1703153865378][main][info]["userPartitionService: State of v8 partition system:"]
[25512][1703153865382][main][info]["userPartitionService: List of partitions:",[{"partitionId":"9ae5cd87-a96d-4eae-9e1b-a9aafbf55248","namespace":"users","userId":"31708957","teamId":"0","lastUpdated":"2023-12-21T10:17:45.354Z"},{"partitionId":"68fc11b9-36d1-44d6-a0ee-c19fcbe05a51","namespace":"scratchPad","userId":0,"teamId":0,"isDirty":false}]]
[25512][1703153865382][main][info]["userPartitionService: users global meta:",{}]
[25512][1703153865383][main][info]["userPartitionService: List of partitions:",[{"partitionId":"9ae5cd87-a96d-4eae-9e1b-a9aafbf55248","namespace":"users","userId":"31708957","teamId":"0","lastUpdated":"2023-12-21T10:17:45.354Z"},{"partitionId":"68fc11b9-36d1-44d6-a0ee-c19fcbe05a51","namespace":"scratchPad","userId":0,"teamId":0,"isDirty":false}]]
[25512][1703153865383][main][info]["userPartitionService: users global meta:",{}]
[25512][1703153865408][main][info]["INTERCEPTOR CONNECTIVITY: Attempting to start websocket server on port 15611"]
[25512][1703153876048][main][info]["UpdateHandler~app-update-events - Received event",{"name":"updateElectron","namespace":"appUpdate","data":{"channel":"stable","version":"10.20.0","downloadVersion":"10.21.0","appId":"e0c74e8c-fca4-4e04-9392-f87e5fb26e23","userAgent":"Mozilla/5.0 (X11; Linux x86_64) AppleWebKit/537.36 (KHTML, like Gecko) Postman/10.20.0 Chrome/100.0.4896.160 Electron/18.3.5 Safari/537.36","platform":"LINUX","arch":"64","downloadURL":"https://dl.pstmn.io/download/version/10.21.0/linux_64","updateServerDomain":"https://dl.pstmn.io/","additionalParamsString":"installationId=e0c74e8c-fca4-4e04-9392-f87e5fb26e23&userId=31708957&syncEnabled=true&teamPlan=&teamId=0","userId":"31708957"}}]
[25512][1703153876048][main][info]["LinuxUpdater~downloadUpdate - UpdateInfo received",{"channel":"stable","version":"10.20.0","downloadVersion":"10.21.0","appId":"e0c74e8c-fca4-4e04-9392-f87e5fb26e23","userAgent":"Mozilla/5.0 (X11; Linux x86_64) AppleWebKit/537.36 (KHTML, like Gecko) Postman/10.20.0 Chrome/100.0.4896.160 Electron/18.3.5 Safari/537.36","platform":"LINUX","arch":"64","downloadURL":"https://dl.pstmn.io/download/version/10.21.0/linux_64","updateServerDomain":"https://dl.pstmn.io/","additionalParamsString":"installationId=e0c74e8c-fca4-4e04-9392-f87e5fb26e23&userId=31708957&syncEnabled=true&teamPlan=&teamId=0","userId":"31708957"}]
[25512][1703153876108][main][info]["@postman/app-updater: error",{"errno":-13,"code":"EACCES","syscall":"open","path":"/opt/postman/Postman-1703153876048.tar.gz","name":"Error","message":"EACCES: permission denied, open '/opt/postman/Postman-1703153876048.tar.gz'","stack":"Error: EACCES: permission denied, open '/opt/postman/Postman-1703153876048.tar.gz'"},{"packageName":"Postman","eID":"Postman-1703153876048","downloadURL":"https://dl.pstmn.io/download/version/10.21.0/linux_64","downloadDirectory":"/opt/postman","downloadInfo":{"status":"DOWNLOAD_ERROR","error":{"errno":-13,"code":"EACCES","syscall":"open","path":"/opt/postman/Postman-1703153876048.tar.gz"},"downloadDirectory":"/opt/postman"}}]
[25512][1703153876110][main][info]["UpdateHandler~app-update-events - Received event",{"name":"electronAppUpdateError","namespace":"appUpdate","data":{"error":{"errno":-13,"code":"EACCES","syscall":"open","path":"/opt/postman/Postman-1703153876048.tar.gz","name":"Error","message":"EACCES: permission denied, open '/opt/postman/Postman-1703153876048.tar.gz'","stack":"Error: EACCES: permission denied, open '/opt/postman/Postman-1703153876048.tar.gz'"},"updateData":{"packageName":"Postman","eID":"Postman-1703153876048","downloadURL":"https://dl.pstmn.io/download/version/10.21.0/linux_64","downloadDirectory":"/opt/postman","downloadInfo":{"status":"DOWNLOAD_ERROR","error":{"errno":-13,"code":"EACCES","syscall":"open","path":"/opt/postman/Postman-1703153876048.tar.gz"},"downloadDirectory":"/opt/postman"}}}}]
[25512][1703161785612][main][info]["Quitting app"]
[25512][1703161785718][main][error]["Main~handleUncaughtError - Uncaught errors",{"name":"Error","message":"Render frame was disposed before WebFrameMain could be accessed","stack":"Error: Render frame was disposed before WebFrameMain could be accessed\n    at decirc (/opt/postman/app/resources/app/node_modules/fast-safe-stringify/index.js:100:19)\n    at decirc (/opt/postman/app/resources/app/node_modules/fast-safe-stringify/index.js:100:9)\n    at decirc (/opt/postman/app/resources/app/node_modules/fast-safe-stringify/index.js:100:9)\n    at decirc (/opt/postman/app/resources/app/node_modules/fast-safe-stringify/index.js:94:9)\n    at decirc (/opt/postman/app/resources/app/node_modules/fast-safe-stringify/index.js:100:9)\n    at stringify (/opt/postman/app/resources/app/node_modules/fast-safe-stringify/index.js:25:3)\n    at Format.transform (/opt/postman/app/resources/app/node_modules/logform/json.js:24:19)\n    at DerivedLogger._transform (/opt/postman/app/resources/app/node_modules/winston/lib/winston/logger.js:235:29)\n    at DerivedLogger.Transform._read (/opt/postman/app/resources/app/node_modules/readable-stream/lib/_stream_transform.js:184:10)\n    at DerivedLogger.Transform._write (/opt/postman/app/resources/app/node_modules/readable-stream/lib/_stream_transform.js:172:83)\n    at doWrite (/opt/postman/app/resources/app/node_modules/readable-stream/lib/_stream_writable.js:428:64)\n    at writeOrBuffer (/opt/postman/app/resources/app/node_modules/readable-stream/lib/_stream_writable.js:417:5)\n    at DerivedLogger.Writable.write (/opt/postman/app/resources/app/node_modules/readable-stream/lib/_stream_writable.js:334:11)\n    at DerivedLogger.log (/opt/postman/app/resources/app/node_modules/winston/lib/winston/logger.js:164:14)\n    at /opt/postman/app/resources/app/node_modules/@postman/app-logger/lib/collectors/AbstractCollector.js:33:23\n    at Array.forEach (<anonymous>)"}]
[3310][1703245910742][main][info]["Booting Postman 10.20.0, linux-6.6.4-arch1-1 on x64"]
[3310][1703245910744][main][info]["EventBus~initialize - Success"]
[3310][1703245910745][main][info]["Proxy configuration has not been setup"]
[3310][1703245910746][main][info]["CloudProxyManager~init - Success"]
[3310][1703245910761][main][info]["performShellDataMigration: Migration has already been done. Bailing out"]
[3310][1703245910766][main][info]["UpdateHandler~init - Success"]
[3310][1703245910768][main][info]["LeaderSelection: Initialized successfully"]
[3310][1703245910768][main][info]["VersionDependencyService: Initialized successfully"]
[3310][1703245910773][main][info]["LinuxAutoUpdater~Cleanup - Initial cleanup successful"]
[3310][1703245910782][main][info]["GPU detected VID 4318 DID 9475 ACTIVE true"]
[3310][1703245910797][main][info]["shellController~init: Success"]
[3310][1703245910801][main][info]["shellMeta~init: Success"]
[3310][1703245910801][main][info]["partitionMigrationService: State of V7 partition:"]
[3310][1703245910801][main][info]["partitionMigrationService: V7 partitions",[]]
[3310][1703245910801][main][info]["partitionMigrationService~rectifyNamespaceOfScratchPadPartition: There is no partition with scratchpad namespace"]
[3310][1703245910801][main][info]["partitionMigrationService~rectifyNamespaceOfScratchPadPartition: There is no transit partition which could have been used for scratchpad"]
[3310][1703245910801][main][info]["partitionMigrationService~init: Success"]
[3310][1703245910810][main][info]["partitionMigrationService~runV8PartitionsIntegrity: Two way migration~ removing the following partitions from v8",[]]
[3310][1703245910813][main][info]["userPartitionService~getRecentV8UserPartition: recent v8 user context partition ","9ae5cd87-a96d-4eae-9e1b-a9aafbf55248"]
[3310][1703245910813][main][info]["userPartitionService~_rectifyTheActivePartitionOfApplication: Setting the active partition to ","9ae5cd87-a96d-4eae-9e1b-a9aafbf55248"]
[3310][1703245910819][main][info]["userPartitionService~init: Success"]
[3310][1703245910828][main][info]["userPartitionService: State of v8 partition system:"]
[3310][1703245910829][main][info]["shell~init~getPartitionToLoad: loading active partition"]
[3310][1703245910831][main][info]["userPartitionService: List of partitions:",[{"partitionId":"9ae5cd87-a96d-4eae-9e1b-a9aafbf55248","namespace":"users","userId":"31708957","teamId":"0","lastUpdated":"2023-12-21T10:17:45.354Z"},{"partitionId":"68fc11b9-36d1-44d6-a0ee-c19fcbe05a51","namespace":"scratchPad","userId":0,"teamId":0,"isDirty":false}]]
[3310][1703245910831][main][info]["userPartitionService: users global meta:",{}]
[3310][1703245912221][main][info]["RuntimeIPCAgent~started: Success"]
[3310][1703245912324][main][info]["Main~getRemoteInitPath:: "]
[3310][1703245912588][main][info]["UpdateHandler~app-update-events - Received event",{"name":"checkForElectronVersionUpdated","namespace":"appUpdate"}]
[3310][1703245912598][main][info]["windowManager: First requester booted successfully."]
[3310][1703245912598][main][info]["windowManager~restoreWindows: Restoring requester windows"]
[3310][1703245912598][main][info]["Main~AppEvents - Received booted event for process requester.Version 10.20.10 UI Version: 10.20.10-ui-231204-0510 Desktop Platform Version: 10.20.0"]
[3310][1703245912682][main][info]["Main~getRemoteInitPath:: "]
[3310][1703245913076][main][info]["INTERCEPTOR CONNECTIVITY: Attempting to start websocket server on port 15611"]
[3310][1703245913134][main][info]["Main~getPlatformLaunchPerfMetrics"]
[3310][1703245914279][main][info]["Main - model-events~user - (user, bootstrapUser) received"]
[3310][1703245914280][main][info]["model-events~user - bootstrapUser received"]
[3310][1703245922983][main][info]["UpdateHandler~app-update-events - Received event",{"name":"updateElectron","namespace":"appUpdate","data":{"channel":"stable","version":"10.20.0","downloadVersion":"10.21.0","appId":"e0c74e8c-fca4-4e04-9392-f87e5fb26e23","userAgent":"Mozilla/5.0 (X11; Linux x86_64) AppleWebKit/537.36 (KHTML, like Gecko) Postman/10.20.0 Chrome/100.0.4896.160 Electron/18.3.5 Safari/537.36","platform":"LINUX","arch":"64","downloadURL":"https://dl.pstmn.io/download/version/10.21.0/linux_64","updateServerDomain":"https://dl.pstmn.io/","additionalParamsString":"installationId=e0c74e8c-fca4-4e04-9392-f87e5fb26e23&userId=31708957&syncEnabled=true&teamPlan=sync-free-3-trial&teamId=5918970","userId":"31708957"}}]
[3310][1703245922983][main][info]["LinuxUpdater~downloadUpdate - UpdateInfo received",{"channel":"stable","version":"10.20.0","downloadVersion":"10.21.0","appId":"e0c74e8c-fca4-4e04-9392-f87e5fb26e23","userAgent":"Mozilla/5.0 (X11; Linux x86_64) AppleWebKit/537.36 (KHTML, like Gecko) Postman/10.20.0 Chrome/100.0.4896.160 Electron/18.3.5 Safari/537.36","platform":"LINUX","arch":"64","downloadURL":"https://dl.pstmn.io/download/version/10.21.0/linux_64","updateServerDomain":"https://dl.pstmn.io/","additionalParamsString":"installationId=e0c74e8c-fca4-4e04-9392-f87e5fb26e23&userId=31708957&syncEnabled=true&teamPlan=sync-free-3-trial&teamId=5918970","userId":"31708957"}]
[3310][1703245923044][main][info]["@postman/app-updater: error",{"errno":-13,"code":"EACCES","syscall":"open","path":"/opt/postman/Postman-1703245922984.tar.gz","name":"Error","message":"EACCES: permission denied, open '/opt/postman/Postman-1703245922984.tar.gz'","stack":"Error: EACCES: permission denied, open '/opt/postman/Postman-1703245922984.tar.gz'"},{"packageName":"Postman","eID":"Postman-1703245922984","downloadURL":"https://dl.pstmn.io/download/version/10.21.0/linux_64","downloadDirectory":"/opt/postman","downloadInfo":{"status":"DOWNLOAD_ERROR","error":{"errno":-13,"code":"EACCES","syscall":"open","path":"/opt/postman/Postman-1703245922984.tar.gz"},"downloadDirectory":"/opt/postman"}}]
[3310][1703245923045][main][info]["UpdateHandler~app-update-events - Received event",{"name":"electronAppUpdateError","namespace":"appUpdate","data":{"error":{"errno":-13,"code":"EACCES","syscall":"open","path":"/opt/postman/Postman-1703245922984.tar.gz","name":"Error","message":"EACCES: permission denied, open '/opt/postman/Postman-1703245922984.tar.gz'","stack":"Error: EACCES: permission denied, open '/opt/postman/Postman-1703245922984.tar.gz'"},"updateData":{"packageName":"Postman","eID":"Postman-1703245922984","downloadURL":"https://dl.pstmn.io/download/version/10.21.0/linux_64","downloadDirectory":"/opt/postman","downloadInfo":{"status":"DOWNLOAD_ERROR","error":{"errno":-13,"code":"EACCES","syscall":"open","path":"/opt/postman/Postman-1703245922984.tar.gz"},"downloadDirectory":"/opt/postman"}}}}]
[3310][1703250029565][main][info]["Quitting app"]
[3310][1703250029585][main][error]["Main~handleUncaughtError - Uncaught errors",{"name":"Error","message":"Render frame was disposed before WebFrameMain could be accessed","stack":"Error: Render frame was disposed before WebFrameMain could be accessed\n    at decirc (/opt/postman/app/resources/app/node_modules/fast-safe-stringify/index.js:100:19)\n    at decirc (/opt/postman/app/resources/app/node_modules/fast-safe-stringify/index.js:100:9)\n    at decirc (/opt/postman/app/resources/app/node_modules/fast-safe-stringify/index.js:100:9)\n    at decirc (/opt/postman/app/resources/app/node_modules/fast-safe-stringify/index.js:94:9)\n    at decirc (/opt/postman/app/resources/app/node_modules/fast-safe-stringify/index.js:100:9)\n    at stringify (/opt/postman/app/resources/app/node_modules/fast-safe-stringify/index.js:25:3)\n    at Format.transform (/opt/postman/app/resources/app/node_modules/logform/json.js:24:19)\n    at DerivedLogger._transform (/opt/postman/app/resources/app/node_modules/winston/lib/winston/logger.js:235:29)\n    at DerivedLogger.Transform._read (/opt/postman/app/resources/app/node_modules/readable-stream/lib/_stream_transform.js:184:10)\n    at DerivedLogger.Transform._write (/opt/postman/app/resources/app/node_modules/readable-stream/lib/_stream_transform.js:172:83)\n    at doWrite (/opt/postman/app/resources/app/node_modules/readable-stream/lib/_stream_writable.js:428:64)\n    at writeOrBuffer (/opt/postman/app/resources/app/node_modules/readable-stream/lib/_stream_writable.js:417:5)\n    at DerivedLogger.Writable.write (/opt/postman/app/resources/app/node_modules/readable-stream/lib/_stream_writable.js:334:11)\n    at DerivedLogger.log (/opt/postman/app/resources/app/node_modules/winston/lib/winston/logger.js:164:14)\n    at /opt/postman/app/resources/app/node_modules/@postman/app-logger/lib/collectors/AbstractCollector.js:33:23\n    at Array.forEach (<anonymous>)"}]
